-------------------------------------------------------------------------------
Test set: be.intecbrussel.MessageServiceTest
-------------------------------------------------------------------------------
Tests run: 12, Failures: 1, Errors: 0, Skipped: 0, Time elapsed: 0.052 s <<< FAILURE! - in be.intecbrussel.MessageServiceTest
testGetAll  Time elapsed: 0.011 s  <<< FAILURE!
org.opentest4j.AssertionFailedError: 
more actual lines than expected: 1100 ==> expected: <
Message: {
From: sender0@mail.be
To: receiver0@mail.be
Header: header 0
Bodybody 0
}
Message: {
From: sender1@mail.be
To: receiver1@mail.be
Header: header 1
Bodybody 1
}
Message: {
From: sender2@mail.be
To: receiver2@mail.be
Header: header 2
Bodybody 2
}
Message: {
From: sender3@mail.be
To: receiver3@mail.be
Header: header 3
Bodybody 3
}
Message: {
From: sender4@mail.be
To: receiver4@mail.be
Header: header 4
Bodybody 4
}
Message: {
From: sender5@mail.be
To: receiver5@mail.be
Header: header 5
Bodybody 5
}
Message: {
From: sender6@mail.be
To: receiver6@mail.be
Header: header 6
Bodybody 6
}
Message: {
From: sender7@mail.be
To: receiver7@mail.be
Header: header 7
Bodybody 7
}
Message: {
From: sender8@mail.be
To: receiver8@mail.be
Header: header 8
Bodybody 8
}
Message: {
From: sender9@mail.be
To: receiver9@mail.be
Header: header 9
Bodybody 9
}
Message: {
From: sender10@mail.be
To: receiver10@mail.be
Header: header 10
Bodybody 10
}
Message: {
From: sender11@mail.be
To: receiver11@mail.be
Header: header 11
Bodybody 11
}
Message: {
From: sender12@mail.be
To: receiver12@mail.be
Header: header 12
Bodybody 12
}
Message: {
From: sender13@mail.be
To: receiver13@mail.be
Header: header 13
Bodybody 13
}
Message: {
From: sender14@mail.be
To: receiver14@mail.be
Header: header 14
Bodybody 14
}
Message: {
From: sender15@mail.be
To: receiver15@mail.be
Header: header 15
Bodybody 15
}
Message: {
From: sender16@mail.be
To: receiver16@mail.be
Header: header 16
Bodybody 16
}
Message: {
From: sender17@mail.be
To: receiver17@mail.be
Header: header 17
Bodybody 17
}
Message: {
From: sender18@mail.be
To: receiver18@mail.be
Header: header 18
Bodybody 18
}
Message: {
From: sender19@mail.be
To: receiver19@mail.be
Header: header 19
Bodybody 19
}
Message: {
From: sender20@mail.be
To: receiver20@mail.be
Header: header 20
Bodybody 20
}
Message: {
From: sender21@mail.be
To: receiver21@mail.be
Header: header 21
Bodybody 21
}
Message: {
From: sender22@mail.be
To: receiver22@mail.be
Header: header 22
Bodybody 22
}
Message: {
From: sender23@mail.be
To: receiver23@mail.be
Header: header 23
Bodybody 23
}
Message: {
From: sender24@mail.be
To: receiver24@mail.be
Header: header 24
Bodybody 24
}
Message: {
From: sender25@mail.be
To: receiver25@mail.be
Header: header 25
Bodybody 25
}
Message: {
From: sender26@mail.be
To: receiver26@mail.be
Header: header 26
Bodybody 26
}
Message: {
From: sender27@mail.be
To: receiver27@mail.be
Header: header 27
Bodybody 27
}
Message: {
From: sender28@mail.be
To: receiver28@mail.be
Header: header 28
Bodybody 28
}
Message: {
From: sender29@mail.be
To: receiver29@mail.be
Header: header 29
Bodybody 29
}
Message: {
From: sender30@mail.be
To: receiver30@mail.be
Header: header 30
Bodybody 30
}
Message: {
From: sender31@mail.be
To: receiver31@mail.be
Header: header 31
Bodybody 31
}
Message: {
From: sender32@mail.be
To: receiver32@mail.be
Header: header 32
Bodybody 32
}
Message: {
From: sender33@mail.be
To: receiver33@mail.be
Header: header 33
Bodybody 33
}
Message: {
From: sender34@mail.be
To: receiver34@mail.be
Header: header 34
Bodybody 34
}
Message: {
From: sender35@mail.be
To: receiver35@mail.be
Header: header 35
Bodybody 35
}
Message: {
From: sender36@mail.be
To: receiver36@mail.be
Header: header 36
Bodybody 36
}
Message: {
From: sender37@mail.be
To: receiver37@mail.be
Header: header 37
Bodybody 37
}
Message: {
From: sender38@mail.be
To: receiver38@mail.be
Header: header 38
Bodybody 38
}
Message: {
From: sender39@mail.be
To: receiver39@mail.be
Header: header 39
Bodybody 39
}
Message: {
From: sender40@mail.be
To: receiver40@mail.be
Header: header 40
Bodybody 40
}
Message: {
From: sender41@mail.be
To: receiver41@mail.be
Header: header 41
Bodybody 41
}
[omitted 58 line(s)]
> but was: <
Message: {
From: sender0@mail.be
To: receiver0@mail.be
Header: header 0
Bodybody 0
}
Message: {
From: sender1@mail.be
To: receiver1@mail.be
Header: header 1
Bodybody 1
}
Message: {
From: sender2@mail.be
To: receiver2@mail.be
Header: header 2
Bodybody 2
}
Message: {
From: sender3@mail.be
To: receiver3@mail.be
Header: header 3
Bodybody 3
}
Message: {
From: sender4@mail.be
To: receiver4@mail.be
Header: header 4
Bodybody 4
}
Message: {
From: sender5@mail.be
To: receiver5@mail.be
Header: header 5
Bodybody 5
}
Message: {
From: sender6@mail.be
To: receiver6@mail.be
Header: header 6
Bodybody 6
}
Message: {
From: sender7@mail.be
To: receiver7@mail.be
Header: header 7
Bodybody 7
}
Message: {
From: sender8@mail.be
To: receiver8@mail.be
Header: header 8
Bodybody 8
}
Message: {
From: sender9@mail.be
To: receiver9@mail.be
Header: header 9
Bodybody 9
}
Message: {
From: sender10@mail.be
To: receiver10@mail.be
Header: header 10
Bodybody 10
}
Message: {
From: sender11@mail.be
To: receiver11@mail.be
Header: header 11
Bodybody 11
}
Message: {
From: sender12@mail.be
To: receiver12@mail.be
Header: header 12
Bodybody 12
}
Message: {
From: sender13@mail.be
To: receiver13@mail.be
Header: header 13
Bodybody 13
}
Message: {
From: sender14@mail.be
To: receiver14@mail.be
Header: header 14
Bodybody 14
}
Message: {
From: sender15@mail.be
To: receiver15@mail.be
Header: header 15
Bodybody 15
}
Message: {
From: sender16@mail.be
To: receiver16@mail.be
Header: header 16
Bodybody 16
}
Message: {
From: sender17@mail.be
To: receiver17@mail.be
Header: header 17
Bodybody 17
}
Message: {
From: sender18@mail.be
To: receiver18@mail.be
Header: header 18
Bodybody 18
}
Message: {
From: sender19@mail.be
To: receiver19@mail.be
Header: header 19
Bodybody 19
}
Message: {
From: sender20@mail.be
To: receiver20@mail.be
Header: header 20
Bodybody 20
}
Message: {
From: sender21@mail.be
To: receiver21@mail.be
Header: header 21
Bodybody 21
}
Message: {
From: sender22@mail.be
To: receiver22@mail.be
Header: header 22
Bodybody 22
}
Message: {
From: sender23@mail.be
To: receiver23@mail.be
Header: header 23
Bodybody 23
}
Message: {
From: sender24@mail.be
To: receiver24@mail.be
Header: header 24
Bodybody 24
}
Message: {
From: sender25@mail.be
To: receiver25@mail.be
Header: header 25
Bodybody 25
}
Message: {
From: sender26@mail.be
To: receiver26@mail.be
Header: header 26
Bodybody 26
}
Message: {
From: sender27@mail.be
To: receiver27@mail.be
Header: header 27
Bodybody 27
}
Message: {
From: sender28@mail.be
To: receiver28@mail.be
Header: header 28
Bodybody 28
}
Message: {
From: sender29@mail.be
To: receiver29@mail.be
Header: header 29
Bodybody 29
}
Message: {
From: sender30@mail.be
To: receiver30@mail.be
Header: header 30
Bodybody 30
}
Message: {
From: sender31@mail.be
To: receiver31@mail.be
Header: header 31
Bodybody 31
}
Message: {
From: sender32@mail.be
To: receiver32@mail.be
Header: header 32
Bodybody 32
}
Message: {
From: sender33@mail.be
To: receiver33@mail.be
Header: header 33
Bodybody 33
}
Message: {
From: sender34@mail.be
To: receiver34@mail.be
Header: header 34
Bodybody 34
}
Message: {
From: sender35@mail.be
To: receiver35@mail.be
Header: header 35
Bodybody 35
}
Message: {
From: sender36@mail.be
To: receiver36@mail.be
Header: header 36
Bodybody 36
}
Message: {
From: sender37@mail.be
To: receiver37@mail.be
Header: header 37
Bodybody 37
}
Message: {
From: sender38@mail.be
To: receiver38@mail.be
Header: header 38
Bodybody 38
}
Message: {
From: sender39@mail.be
To: receiver39@mail.be
Header: header 39
Bodybody 39
}
Message: {
From: sender40@mail.be
To: receiver40@mail.be
Header: header 40
Bodybody 40
}
Message: {
From: sender41@mail.be
To: receiver41@mail.be
Header: header 41
Bodybody 41
}
[omitted 1158 line(s)]
>
	at be.intecbrussel.MessageServiceTest.testGetAll(MessageServiceTest.java:32)

